Arguments: 
  C:\Program Files\nodejs\node.exe C:\Program Files (x86)\Yarn\bin\yarn.js install

PATH: 
  C:\WINDOWS\system32;C:\WINDOWS;C:\WINDOWS\System32\Wbem;C:\WINDOWS\System32\WindowsPowerShell\v1.0\;C:\WINDOWS\System32\OpenSSH\;C:\Program Files\Java\jdk-12.0.1\bin;C:\ProgramData\chocolatey\bin;C:\Program Files\nodejs\;C:\Program Files\Git\cmd;C:\Program Files (x86)\Yarn\bin\;C:\Users\user\AppData\Local\Microsoft\WindowsApps;C:\Users\user\AppData\Local\Programs\Microsoft VS Code\bin;C:\Users\user\AppData\Roaming\npm;C:\Program Files\heroku\bin;C:\Program Files\MongoDB\Server\4.2\bin;C:\Users\user\AppData\Local\Yarn\bin

Yarn version: 
  1.22.5

Node version: 
  12.15.0

Platform: 
  win32 x64

Trace: 
  Error: https://registry.yarnpkg.com/core-js/-/core-js-2.6.11.tgz: ESOCKETTIMEDOUT
      at ClientRequest.<anonymous> (C:\Program Files (x86)\Yarn\lib\cli.js:141376:19)
      at Object.onceWrapper (events.js:312:28)
      at ClientRequest.emit (events.js:223:5)
      at TLSSocket.emitRequestTimeout (_http_client.js:701:9)
      at Object.onceWrapper (events.js:312:28)
      at TLSSocket.emit (events.js:223:5)
      at TLSSocket.Socket._onTimeout (net.js:474:8)
      at listOnTimeout (internal/timers.js:531:17)
      at processTimers (internal/timers.js:475:7)

npm manifest: 
  {
      "name": "reactjs-boilerplate",
      "version": "0.1.713",
      "description": "",
      "main": "index.js",
      "private": true,
      "engines": {
          "node": ">=5.0.0",
          "npm": "^3.0.0"
      },
      "scripts": {
          "clean": "rimraf dist && rimraf dist-server && rimraf dist-shared",
          "compile": "better-npm-run compile",
          "compile:staging": "better-npm-run compile:staging",
          "lint": "eslint bin config src tests",
          "lint:fix": "npm run lint -- --fix",
          "start": "better-npm-run start",
          "compile:server": "better-npm-run compile:server",
          "dev": "better-npm-run dev",
          "deploy": "better-npm-run deploy",
          "deploy:dev": "better-npm-run deploy:dev",
          "deploy:prod": "better-npm-run deploy:prod",
          "deploy:staging": "better-npm-run deploy:staging",
          "test": "better-npm-run test",
          "test:dev": "npm run test -- --watch"
      },
      "betterScripts": {
          "compile": {
              "command": "node bin/compile --build",
              "env": {
                  "NODE_ENV": "production",
                  "DEBUG": "app:*"
              }
          },
          "compile:staging": {
              "command": "node bin/compile --build",
              "env": {
                  "NODE_ENV": "staging",
                  "DEBUG": "app:*"
              }
          },
          "dev": {
              "command": "nodemon --ext js,json --watch server --watch config --watch bin --ignore dist --ignore package.json --ignore coverage --ignore tests --ignore src server/loader --env.patch --aiv-log-none",
              "env": {
                  "NODE_ENV": "development",
                  "DEBUG": "app:*,-babel"
              }
          },
          "deploy": {
              "command": "npm run clean && npm run compile",
              "env": {
                  "DEBUG": "app:*"
              }
          },
          "deploy:dev": {
              "command": "npm run deploy",
              "env": {
                  "NODE_ENV": "development",
                  "DEBUG": "app:*"
              }
          },
          "deploy:staging": {
              "command": "npm run clean && npm run compile:staging",
              "env": {
                  "NODE_ENV": "staging",
                  "DEBUG": "app:*"
              }
          },
          "deploy:prod": {
              "command": "npm run deploy",
              "env": {
                  "NODE_ENV": "production",
                  "DEBUG": "app:*"
              }
          },
          "compile:server": {
              "command": "babel ./server/ --no-babelrc --presets=env,stage-0,react --ignore loader.js --out-dir=./dist-server",
              "env": {
                  "NODE_ENV": "production",
                  "DEBUG": "app:*"
              }
          },
          "start": {
              "command": "node bin/prod-server",
              "env": {
                  "NODE_ENV": "production",
                  "DEBUG": "app:*"
              }
          },
          "test": {
              "command": "node ./node_modules/karma/bin/karma start config/karma.config",
              "env": {
                  "NODE_ENV": "test",
                  "DEBUG": "app:*"
              }
          }
      },
      "author": "Gitesh Dang (iByteInfomatics.com)",
      "dependencies": {
          "babel-cli": "^6.24.1",
          "babel-core": "^6.25.0",
          "babel-loader": "^7.1.0",
          "babel-plugin-syntax-dynamic-import": "^6.18.0",
          "babel-plugin-transform-class-properties": "^6.24.1",
          "babel-plugin-transform-es2017-object-entries": "^0.0.4",
          "babel-plugin-transform-object-rest-spread": "^6.23.0",
          "babel-plugin-transform-runtime": "^6.23.0",
          "babel-polyfill": "^6.23.0",
          "babel-preset-babili": "^0.1.4",
          "babel-preset-env": "^1.5.2",
          "babel-preset-react": "^6.24.1",
          "babel-preset-stage-0": "^6.24.1",
          "babel-register": "^6.24.1",
          "babel-runtime": "^6.26.0",
          "better-npm-run": "0.0.15",
          "bootstrap-sass": "^3.3.7",
          "compression": "^1.6.2",
          "css-loader": "^0.28.4",
          "cssnano": "^3.10.0",
          "debug": "^2.6.8",
          "express": "^4.16.2",
          "extract-text-webpack-plugin": "^3.0.0",
          "file-loader": "^0.11.2",
          "fs-extra": "^4.0.0",
          "history": "^4.6.3",
          "html-loader": "^0.5.0",
          "html-webpack-plugin": "^2.28.0",
          "imports-loader": "^0.7.1",
          "ip": "^1.1.5",
          "isomorphic-fetch": "^2.2.1",
          "lodash": "^4.17.11",
          "md5": "^2.2.1",
          "moment": "^2.18.1",
          "node-sass": "^4.5.3",
          "normalize.css": "^7.0.0",
          "postcss-loader": "^2.0.6",
          "production": "^0.0.2",
          "prop-types": "^15.5.10",
          "react": "^16.4.0",
          "react-async-bootstrapper": "^1.1.1",
          "react-autocomplete": "^1.8.1",
          "react-bootstrap-table": "^4.3.1",
          "react-copy-to-clipboard": "^5.0.0",
          "react-datepicker": "^1.2.2",
          "react-dom": "^16.0.0",
          "react-dropzone": "^4.2.8",
          "react-google-maps": "^9.4.5",
          "react-iframe": "^1.2.0",
          "react-jobs": "^1.0.0",
          "react-rater": "^0.4.8",
          "react-redux": "^5.0.5",
          "react-router": "^4.1.1",
          "react-router-config": "^1.0.0-beta.3",
          "react-router-dom": "^4.1.1",
          "react-router-redux": "^5.0.0-alpha.6",
          "react-select": "^1.2.1",
          "react-test-renderer": "^15.6.1",
          "recompose": "^0.26.0",
          "redbox-react": "^1.4.2",
          "redux": "^3.7.0",
          "redux-persist": "^5.10.0",
          "redux-thunk": "^2.2.0",
          "resolve-url-loader": "^2.0.3",
          "rimraf": "^2.6.2",
          "sass-loader": "^6.0.6",
          "staging": "^0.1.3",
          "style-loader": "^0.18.2",
          "url-loader": "^0.5.9",
          "webpack": "^3.4.1",
          "webpack-auto-inject-version": "^0.5.14",
          "yargs": "^8.0.2",
          "yarn": "^1.22.5"
      },
      "devDependencies": {
          "babel-eslint": "^7.2.3",
          "babel-plugin-istanbul": "^4.1.4",
          "chai": "^4.0.2",
          "chai-as-promised": "7.1.1",
          "chai-enzyme": "^0.8.0",
          "cheerio": "^1.0.0-rc.1",
          "codecov": "^2.2.0",
          "dirty-chai": "^2.0.0",
          "enzyme": "^2.8.2",
          "eslint": "^4.18.1",
          "eslint-config-standard": "^10.2.1",
          "eslint-config-standard-react": "^5.0.0",
          "eslint-plugin-babel": "^4.1.2",
          "eslint-plugin-import": "^2.9.0",
          "eslint-plugin-node": "^6.0.0",
          "eslint-plugin-promise": "^3.6.0",
          "eslint-plugin-react": "^7.7.0",
          "eslint-plugin-standard": "^3.0.1",
          "karma": "^1.7.0",
          "karma-coverage": "^1.1.1",
          "karma-mocha": "^1.3.0",
          "karma-mocha-reporter": "^2.2.3",
          "karma-phantomjs-launcher": "^1.0.4",
          "karma-webpack-with-fast-source-maps": "^1.10.1",
          "mocha": "^3.4.2",
          "nodemon": "^1.11.0",
          "phantomjs-prebuilt": "^2.1.14",
          "react-addons-test-utils": "~15.6.0",
          "sinon": "^2.3.5",
          "sinon-chai": "^2.11.0",
          "webpack-bundle-analyzer": "^2.11.1",
          "webpack-dev-middleware": "^1.10.2",
          "webpack-hot-middleware": "^2.18.0"
      }
  }

yarn manifest: 
  No manifest

Lockfile: 
  No lockfile
